<?xml version="1.0" encoding="UTF-8"?>
<!-- Generated by org.testng.reporters.JUnitReportReporter -->
<testsuite hostname="MYSHEC445413L" failures="0" tests="3" name="stepdefinations.Assignment4" time="2.863" errors="0" timestamp="2022-05-06T11:32:46 IST" skipped="0">
  <testcase classname="stepdefinations.Assignment4" name="test_given_api" time="0.342"/>
  <system-out/>
  <testcase classname="stepdefinations.Assignment4" name="test_then_log" time="2.079"/>
  <system-out/>
  <testcase classname="stepdefinations.Assignment4" name="test_when_posted" time="0.442"/>
  <system-out/>
</testsuite> <!-- stepdefinations.Assignment4 -->
