<?xml version="1.0" encoding="UTF-8"?>
<!-- Generated by org.testng.reporters.JUnitReportReporter -->
<testsuite hostname="MYSHEC445413L" failures="0" tests="3" name="stepdefinations.Assignment6" time="3.021" errors="0" timestamp="2022-05-06T12:02:19 IST" skipped="0">
  <testcase classname="stepdefinations.Assignment6" name="test_given_api" time="0.429"/>
  <system-out/>
  <testcase classname="stepdefinations.Assignment6" name="test_when_posted" time="0.366"/>
  <system-out/>
  <testcase classname="stepdefinations.Assignment6" name="test_then_validate" time="2.226"/>
  <system-out/>
</testsuite> <!-- stepdefinations.Assignment6 -->
