<?xml version="1.0" encoding="UTF-8"?>
<!-- Generated by org.testng.reporters.JUnitReportReporter -->
<testsuite hostname="MYSHEC445413L" failures="0" tests="3" name="stepdefinations.Assignment3" time="3.114" errors="0" timestamp="2022-05-06T11:04:14 IST" skipped="0">
  <testcase classname="stepdefinations.Assignment3" name="test_given_api" time="0.340"/>
  <system-out/>
  <testcase classname="stepdefinations.Assignment3" name="test_when_passing" time="0.357"/>
  <system-out/>
  <testcase classname="stepdefinations.Assignment3" name="test_then_validate" time="2.417"/>
  <system-out/>
</testsuite> <!-- stepdefinations.Assignment3 -->
